<?xml version="1.0" encoding="UTF-8"?>
<testsuite name="CarServiceTest" tests="1" skipped="0" failures="0" errors="0" timestamp="2020-11-19T21:32:12" hostname="DESKTOP-4TND5SR" time="0.051">
  <properties/>
  <testcase name="registerClientCarShouldReturnedClientWithNewCar" classname="CarServiceTest" time="0.051"/>
  <system-out><![CDATA[]]></system-out>
  <system-err><![CDATA[]]></system-err>
</testsuite>
